v:\sistemas c++2023\appalgoritmsort\appalgoritmsort\x64\debug\vc143.pdb
v:\sistemas c++2023\appalgoritmsort\appalgoritmsort\x64\debug\form1.obj
v:\sistemas c++2023\appalgoritmsort\appalgoritmsort\x64\debug\cppclr_winformsproject.obj
v:\sistemas c++2023\appalgoritmsort\appalgoritmsort\x64\debug\assemblyinfo.obj
v:\sistemas c++2023\appalgoritmsort\appalgoritmsort\x64\debug\appalgoritmsort.pch
v:\sistemas c++2023\appalgoritmsort\appalgoritmsort\x64\debug\pch.obj
v:\sistemas c++2023\appalgoritmsort\appalgoritmsort\x64\debug\burbuja.obj
v:\sistemas c++2023\appalgoritmsort\appalgoritmsort\x64\debug\.netframework,version=v4.7.2.assemblyattributes.obj
v:\sistemas c++2023\appalgoritmsort\x64\debug\appalgoritmsort.exe
v:\sistemas c++2023\appalgoritmsort\x64\debug\appalgoritmsort.pdb
v:\sistemas c++2023\appalgoritmsort\appalgoritmsort\x64\debug\app.res
v:\sistemas c++2023\appalgoritmsort\appalgoritmsort\x64\debug\appalgoritmsort.tlog\cl.command.1.tlog
v:\sistemas c++2023\appalgoritmsort\appalgoritmsort\x64\debug\appalgoritmsort.tlog\cl.read.1.tlog
v:\sistemas c++2023\appalgoritmsort\appalgoritmsort\x64\debug\appalgoritmsort.tlog\cl.write.1.tlog
v:\sistemas c++2023\appalgoritmsort\appalgoritmsort\x64\debug\appalgoritmsort.tlog\link.command.1.tlog
v:\sistemas c++2023\appalgoritmsort\appalgoritmsort\x64\debug\appalgoritmsort.tlog\link.read.1.tlog
v:\sistemas c++2023\appalgoritmsort\appalgoritmsort\x64\debug\appalgoritmsort.tlog\link.write.1.tlog
v:\sistemas c++2023\appalgoritmsort\appalgoritmsort\x64\debug\appalgoritmsort.tlog\metagen.read.1.tlog
v:\sistemas c++2023\appalgoritmsort\appalgoritmsort\x64\debug\appalgoritmsort.tlog\metagen.write.1.tlog
v:\sistemas c++2023\appalgoritmsort\appalgoritmsort\x64\debug\appalgoritmsort.tlog\rc.command.1.tlog
v:\sistemas c++2023\appalgoritmsort\appalgoritmsort\x64\debug\appalgoritmsort.tlog\rc.read.1.tlog
v:\sistemas c++2023\appalgoritmsort\appalgoritmsort\x64\debug\appalgoritmsort.tlog\rc.write.1.tlog
v:\sistemas c++2023\appalgoritmsort\appalgoritmsort\x64\debug\appalgoritmsort.tlog\resgen.command.1.tlog
v:\sistemas c++2023\appalgoritmsort\appalgoritmsort\x64\debug\appalgoritmsort.tlog\resgen.read.1.tlog
v:\sistemas c++2023\appalgoritmsort\appalgoritmsort\x64\debug\appalgoritmsort.tlog\resgen.write.1.tlog
